#
# There is insufficient memory for the Java Runtime Environment to continue.
# Native memory allocation (mmap) failed to map 264241152 bytes for G1 virtual space
# Possible reasons:
#   The system is out of physical RAM or swap space
#   The process is running with CompressedOops enabled, and the Java Heap may be blocking the growth of the native heap
# Possible solutions:
#   Reduce memory load on the system
#   Increase physical memory or swap space
#   Check if swap backing store is full
#   Decrease Java heap size (-Xmx/-Xms)
#   Decrease number of Java threads
#   Decrease Java thread stack sizes (-Xss)
#   Set larger code cache with -XX:ReservedCodeCacheSize=
#   JVM is running with Zero Based Compressed Oops mode in which the Java heap is
#     placed in the first 32GB address space. The Java Heap base address is the
#     maximum limit for the native heap growth. Please use -XX:HeapBaseMinAddress
#     to set the Java Heap base and to place the Java Heap above 32GB virtual address.
# This output file may be truncated or incomplete.
#
#  Out of Memory Error (./open/src/hotspot/os/windows/os_windows.cpp:3321), pid=18164, tid=19840
#
# JRE version:  (15.0.2+7) (build )
# Java VM: OpenJDK 64-Bit Server VM (15.0.2+7-27, mixed mode, sharing, tiered, compressed oops, g1 gc, windows-amd64)
# No core dump will be written. Minidumps are not enabled by default on client versions of Windows
#

---------------  S U M M A R Y ------------

Command Line: -XX:TieredStopAtLevel=1 -Xverify:none -Dspring.output.ansi.enabled=always -javaagent:C:\Program Files\JetBrains\IntelliJ IDEA 2020.3.1\lib\idea_rt.jar=50061:C:\Program Files\JetBrains\IntelliJ IDEA 2020.3.1\bin -Dcom.sun.management.jmxremote -Dspring.jmx.enabled=true -Dspring.liveBeansView.mbeanDomain -Dspring.application.admin.enabled=true -Dfile.encoding=UTF-8 pl.coderslab.webcrawler.WebcrawlerApplication

Host: Intel(R) Core(TM) i5-10210U CPU @ 1.60GHz, 8 cores, 15G,  Windows 10 , 64 bit Build 19041 (10.0.19041.1023)
Time: Thu Aug 12 22:50:00 2021 Œrodkowoeuropejski czas letni elapsed time: 0.011675 seconds (0d 0h 0m 0s)

---------------  T H R E A D  ---------------

Current thread (0x000002148592beb0):  JavaThread "Unknown thread" [_thread_in_vm, id=19840, stack(0x000000b2adf00000,0x000000b2ae000000)]

Stack: [0x000000b2adf00000,0x000000b2ae000000]
Native frames: (J=compiled Java code, j=interpreted, Vv=VM code, C=native code)
V  [jvm.dll+0x62ae9a]
V  [jvm.dll+0x7817a9]
V  [jvm.dll+0x782f03]
V  [jvm.dll+0x783563]
V  [jvm.dll+0x216325]
V  [jvm.dll+0x6281d9]
V  [jvm.dll+0x61cf55]
V  [jvm.dll+0x2cffdd]
V  [jvm.dll+0x2cfe42]
V  [jvm.dll+0x2d5e1c]
V  [jvm.dll+0x32590a]
V  [jvm.dll+0x324fd4]
V  [jvm.dll+0x2a6f5a]
V  [jvm.dll+0x2a80f8]
V  [jvm.dll+0x75e241]
V  [jvm.dll+0x3341c4]
V  [jvm.dll+0x73e926]
V  [jvm.dll+0x3b7557]
V  [jvm.dll+0x3b8fe1]
C  [jli.dll+0x52fb]
C  [ucrtbase.dll+0x21bb2]
C  [KERNEL32.DLL+0x17034]
C  [ntdll.dll+0x52651]


---------------  P R O C E S S  ---------------

Threads class SMR info:
_java_thread_list=0x00007fff3bc24ff0, length=0, elements={
}

Java Threads: ( => current thread )

Other Threads:
  0x000002148597e940 GCTaskThread "GC Thread#0" [stack: 0x000000b2ae000000,0x000000b2ae100000] [id=17908]
  0x000002148598f620 ConcurrentGCThread "G1 Main Marker" [stack: 0x000000b2ae100000,0x000000b2ae200000] [id=2728]
  0x0000021485990210 ConcurrentGCThread "G1 Conc#0" [stack: 0x000000b2ae200000,0x000000b2ae300000] [id=14560]

[error occurred during error reporting (printing all threads), id 0xc0000005, EXCEPTION_ACCESS_VIOLATION (0xc0000005) at pc=0x00007fff3b417e27]

VM state: not at safepoint (not fully initialized)

VM Mutex/Monitor currently owned by a thread:  ([mutex/lock_event])
[0x0000021485927740] Heap_lock - owner thread: 0x000002148592beb0

Heap address: 0x0000000704600000, size: 4026 MB, Compressed Oops mode: Zero based, Oop shift amount: 3
CDS archive(s) mapped at: [0x0000000000000000-0x0000000000000000-0x0000000000000000), size 0, SharedBaseAddress: 0x0000000800000000, ArchiveRelocationMode: 0.
Narrow klass base: 0x0000000000000000, Narrow klass shift: 0, Narrow klass range: 0x0

Heap:
 garbage-first heap   total 258048K, used 0K [0x0000000704600000, 0x0000000800000000)
  region size 2048K, 0 young (0K), 0 survivors (0K)
 Metaspace       used 0K, capacity 0K, committed 0K, reserved 0K
  class space    used 0K, capacity 0K, committed 0K, reserved 0K

Heap Regions: E=young(eden), S=young(survivor), O=old, HS=humongous(starts), HC=humongous(continues), CS=collection set, F=free, OA=open archive, CA=closed archive, TAMS=top-at-mark-start (previous, next)

Card table byte_map: [0x000002149d680000,0x000002149de60000] _byte_map_base: 0x0000021499e5d000

Marking Bits (Prev, Next): (CMBitMap*) 0x000002148597f130, (CMBitMap*) 0x000002148597f170
 Prev Bits: [0x000002149e640000, 0x00000214a2528000)
 Next Bits: [0x00000214a2530000, 0x00000214a6418000)

GC Heap History (0 events):
No events

Deoptimization events (0 events):
No events

Classes unloaded (0 events):
No events

Classes redefined (0 events):
No events

Internal exceptions (0 events):
No events

Events (1 events):
Event: 0.007 Loaded shared library C:\Users\MM\.jdks\openjdk-15.0.2\bin\java.dll


Dynamic libraries:
0x00007ff789070000 - 0x00007ff78907d000 	C:\Users\MM\.jdks\openjdk-15.0.2\bin\java.exe
0x00007fff6dab0000 - 0x00007fff6dca5000 	C:\WINDOWS\SYSTEM32\ntdll.dll
0x00007fff6c050000 - 0x00007fff6c10d000 	C:\WINDOWS\System32\KERNEL32.DLL
0x00007fff6b590000 - 0x00007fff6b859000 	C:\WINDOWS\System32\KERNELBASE.dll
0x00007fff6b400000 - 0x00007fff6b500000 	C:\WINDOWS\System32\ucrtbase.dll
0x00007fff66d90000 - 0x00007fff66da8000 	C:\Users\MM\.jdks\openjdk-15.0.2\bin\jli.dll
0x00007fff66d70000 - 0x00007fff66d89000 	C:\Users\MM\.jdks\openjdk-15.0.2\bin\VCRUNTIME140.dll
0x00007fff6c990000 - 0x00007fff6cb30000 	C:\WINDOWS\System32\USER32.dll
0x00007fff59970000 - 0x00007fff59c0a000 	C:\WINDOWS\WinSxS\amd64_microsoft.windows.common-controls_6595b64144ccf1df_6.0.19041.1110_none_60b5254171f9507e\COMCTL32.dll
0x00007fff6b9e0000 - 0x00007fff6ba02000 	C:\WINDOWS\System32\win32u.dll
0x00007fff6be80000 - 0x00007fff6bf1e000 	C:\WINDOWS\System32\msvcrt.dll
0x00007fff6da40000 - 0x00007fff6da6a000 	C:\WINDOWS\System32\GDI32.dll
0x00007fff6ba10000 - 0x00007fff6bb1b000 	C:\WINDOWS\System32\gdi32full.dll
0x00007fff6b890000 - 0x00007fff6b92d000 	C:\WINDOWS\System32\msvcp_win.dll
0x00007fff6d730000 - 0x00007fff6d760000 	C:\WINDOWS\System32\IMM32.DLL
0x00007fff68950000 - 0x00007fff6895c000 	C:\Users\MM\.jdks\openjdk-15.0.2\bin\vcruntime140_1.dll
0x00007fff63610000 - 0x00007fff636a1000 	C:\Users\MM\.jdks\openjdk-15.0.2\bin\msvcp140.dll
0x00007fff3b160000 - 0x00007fff3bcbe000 	C:\Users\MM\.jdks\openjdk-15.0.2\bin\server\jvm.dll
0x00007fff6d760000 - 0x00007fff6d80c000 	C:\WINDOWS\System32\ADVAPI32.dll
0x00007fff6cf50000 - 0x00007fff6cfeb000 	C:\WINDOWS\System32\sechost.dll
0x00007fff6bf20000 - 0x00007fff6c04a000 	C:\WINDOWS\System32\RPCRT4.dll
0x00007fff6c680000 - 0x00007fff6c688000 	C:\WINDOWS\System32\PSAPI.DLL
0x00007fff59c20000 - 0x00007fff59c47000 	C:\WINDOWS\SYSTEM32\WINMM.dll
0x00007fff535f0000 - 0x00007fff535f9000 	C:\WINDOWS\SYSTEM32\WSOCK32.dll
0x00007fff63e40000 - 0x00007fff63e4a000 	C:\WINDOWS\SYSTEM32\VERSION.dll
0x00007fff6c690000 - 0x00007fff6c6fb000 	C:\WINDOWS\System32\WS2_32.dll
0x00007fff690e0000 - 0x00007fff690f2000 	C:\WINDOWS\SYSTEM32\kernel.appcore.dll
0x00007fff66d60000 - 0x00007fff66d6a000 	C:\Users\MM\.jdks\openjdk-15.0.2\bin\jimage.dll
0x00007fff57770000 - 0x00007fff57954000 	C:\WINDOWS\SYSTEM32\DBGHELP.DLL
0x00007fff53520000 - 0x00007fff5354c000 	C:\WINDOWS\SYSTEM32\dbgcore.DLL
0x00007fff6b500000 - 0x00007fff6b583000 	C:\WINDOWS\System32\bcryptPrimitives.dll
0x00007fff647d0000 - 0x00007fff647de000 	C:\Users\MM\.jdks\openjdk-15.0.2\bin\instrument.dll
0x00007fff66d30000 - 0x00007fff66d55000 	C:\Users\MM\.jdks\openjdk-15.0.2\bin\java.dll

dbghelp: loaded successfully - version: 4.0.5 - missing functions: none
symbol engine: initialized successfully - sym options: 0x614 - pdb path: .;C:\Users\MM\.jdks\openjdk-15.0.2\bin;C:\WINDOWS\SYSTEM32;C:\WINDOWS\WinSxS\amd64_microsoft.windows.common-controls_6595b64144ccf1df_6.0.19041.1110_none_60b5254171f9507e;C:\Users\MM\.jdks\openjdk-15.0.2\bin\server

VM Arguments:
jvm_args: -XX:TieredStopAtLevel=1 -Xverify:none -Dspring.output.ansi.enabled=always -javaagent:C:\Program Files\JetBrains\IntelliJ IDEA 2020.3.1\lib\idea_rt.jar=50061:C:\Program Files\JetBrains\IntelliJ IDEA 2020.3.1\bin -Dcom.sun.management.jmxremote -Dspring.jmx.enabled=true -Dspring.liveBeansView.mbeanDomain -Dspring.application.admin.enabled=true -Dfile.encoding=UTF-8 
java_command: pl.coderslab.webcrawler.WebcrawlerApplication
java_class_path (initial): C:\coderslab\wecrawler_sb\target\classes;C:\Users\MM\.m2\repository\org\springframework\boot\spring-boot-starter-data-jpa\2.5.3\spring-boot-starter-data-jpa-2.5.3.jar;C:\Users\MM\.m2\repository\org\springframework\boot\spring-boot-starter-aop\2.5.3\spring-boot-starter-aop-2.5.3.jar;C:\Users\MM\.m2\repository\org\springframework\spring-aop\5.3.9\spring-aop-5.3.9.jar;C:\Users\MM\.m2\repository\org\aspectj\aspectjweaver\1.9.7\aspectjweaver-1.9.7.jar;C:\Users\MM\.m2\repository\org\springframework\boot\spring-boot-starter-jdbc\2.5.3\spring-boot-starter-jdbc-2.5.3.jar;C:\Users\MM\.m2\repository\com\zaxxer\HikariCP\4.0.3\HikariCP-4.0.3.jar;C:\Users\MM\.m2\repository\org\springframework\spring-jdbc\5.3.9\spring-jdbc-5.3.9.jar;C:\Users\MM\.m2\repository\jakarta\transaction\jakarta.transaction-api\1.3.3\jakarta.transaction-api-1.3.3.jar;C:\Users\MM\.m2\repository\jakarta\persistence\jakarta.persistence-api\2.2.3\jakarta.persistence-api-2.2.3.jar;C:\Users\MM\.m2\repository\org\hibernate\hibernate-core\5.4.32.Final\hibernate-core-5.4.32.Final.jar;C:\Users\MM\.m2\repository\org\jboss\logging\jboss-logging\3.4.2.Final\jboss-logging-3.4.2.Final.jar;C:\Users\MM\.m2\repository\org\javassist\javassist\3.27.0-GA\javassist-3.27.0-GA.jar;C:\Users\MM\.m2\repository\net\bytebuddy\byte-buddy\1.10.22\byte-buddy-1.10.22.jar;C:\Users\MM\.m2\repository\antlr\antlr\2.7.7\antlr-2.7.7.jar;C:\Users\MM\.m2\repository\org\jboss\jandex\2.2.3.Final\jandex-2.2.3.Final.jar;C:\Users\MM\.m2\repository\com\fasterxml\classmate\1.5.1\classmate-1.5.1.jar;C:\Users\MM\.m2\repository\org\dom4j\dom4j\2.1.3\dom4j-2.1.3.jar;C:\Users\MM\.m2\repository\org\hibernate\common\hibernate-commons-annotations\5.1.2.Final\hibernate-commons-annotations-5.1.2.Final.jar;C:\Users\MM\.m2\repository\org\glassfish\jaxb\jaxb-runtime\2.3.4\jaxb-runtime-2.3.4.jar;C:\Users\MM\.m2\repository\org\glassfish\jaxb\txw2\2.3.4\txw2-2.3.4.jar;C:\Users\MM\.m2\repository\com\sun\istack\istack-commons-runtime\3.0.12\i
Launcher Type: SUN_STANDARD

[Global flags]
     intx CICompilerCount                          = 4                                         {product} {ergonomic}
     uint ConcGCThreads                            = 2                                         {product} {ergonomic}
     uint G1ConcRefinementThreads                  = 8                                         {product} {ergonomic}
   size_t G1HeapRegionSize                         = 2097152                                   {product} {ergonomic}
    uintx GCDrainStackTargetSize                   = 64                                        {product} {ergonomic}
   size_t InitialHeapSize                          = 264241152                                 {product} {ergonomic}
     bool ManagementServer                         = true                                      {product} {command line}
   size_t MarkStackSize                            = 4194304                                   {product} {ergonomic}
   size_t MaxHeapSize                              = 4221566976                                {product} {ergonomic}
   size_t MinHeapDeltaBytes                        = 2097152                                   {product} {ergonomic}
   size_t MinHeapSize                              = 8388608                                   {product} {ergonomic}
    uintx NonNMethodCodeHeapSize                   = 7549744                                {pd product} {ergonomic}
    uintx NonProfiledCodeHeapSize                  = 244108496                              {pd product} {ergonomic}
    uintx ProfiledCodeHeapSize                     = 0                                      {pd product} {ergonomic}
    uintx ReservedCodeCacheSize                    = 251658240                              {pd product} {ergonomic}
     bool SegmentedCodeCache                       = true                                      {product} {ergonomic}
   size_t SoftMaxHeapSize                          = 4221566976                             {manageable} {ergonomic}
     intx TieredStopAtLevel                        = 1                                         {product} {command line}
     bool UseCompressedClassPointers               = true                                 {lp64_product} {ergonomic}
     bool UseCompressedOops                        = true                                 {lp64_product} {ergonomic}
     bool UseG1GC                                  = true                                      {product} {ergonomic}
     bool UseLargePagesIndividualAllocation        = false                                  {pd product} {ergonomic}

Logging:
Log output configuration:
 #0: stdout all=warning uptime,level,tags
 #1: stderr all=off uptime,level,tags

Environment Variables:
JAVA_HOME=C:\Program Files\Java\jdk1.8.0_281
PATH=C:\Program Files (x86)\Common Files\Oracle\Java\javapath;C:\WINDOWS\system32;C:\WINDOWS;C:\WINDOWS\System32\Wbem;C:\WINDOWS\System32\WindowsPowerShell\v1.0\;C:\WINDOWS\System32\OpenSSH\;C:\Program Files\nodejs\;C:\Program Files (x86)\Microsoft Emulator Manager\1.0\;C:\Users\MM\AppData\Local\Android\Sdk\platform-tools;C:\Program Files\Git\cmd;C:\Users\MM\apache-maven-3.6.3\bin;C:\Program Files\Java\jdk1.8.0_281\bin;C:\Users\MM\AppData\Local\Microsoft\WindowsApps;C:\Users\MM\AppData\Roaming\npm;C:\src\flutter\bin;C:\Users\MM\AppData\Local\Programs\Microsoft VS Code\bin;C:\Program Files\Java\jdk1.8.0_281\bin;C:\Users\MM\apache-maven-3.6.3\bin;
USERNAME=MM
OS=Windows_NT
PROCESSOR_IDENTIFIER=Intel64 Family 6 Model 142 Stepping 12, GenuineIntel



---------------  S Y S T E M  ---------------

OS:
 Windows 10 , 64 bit Build 19041 (10.0.19041.1023)
OS uptime: 10 days 5:12 hours
HyperV virtualization detected

CPU: total 8 (initial active 8) (4 cores per cpu, 2 threads per core) family 6 model 142 stepping 12 microcode 0xde, cmov, cx8, fxsr, mmx, sse, sse2, sse3, ssse3, sse4.1, sse4.2, popcnt, vzeroupper, avx, avx2, aes, clmul, erms, 3dnowpref, lzcnt, ht, tsc, tscinvbit, bmi1, bmi2, adx, fma, clflush, clflushopt

Memory: 4k page, system-wide physical 16100M (5930M free)
TotalPageFile size 65252M (AvailPageFile size 207M)
current process WorkingSet (physical memory assigned to process): 10M, peak: 10M
current process commit charge ("private bytes"): 57M, peak: 309M

vm_info: OpenJDK 64-Bit Server VM (15.0.2+7-27) for windows-amd64 JRE (15.0.2+7-27), built on Dec  7 2020 20:02:38 by "mach5one" with unknown MS VC++:1925

END.
