#
# There is insufficient memory for the Java Runtime Environment to continue.
# Native memory allocation (malloc) failed to allocate 1048576 bytes for AllocateHeap
# Possible reasons:
#   The system is out of physical RAM or swap space
#   The process is running with CompressedOops enabled, and the Java Heap may be blocking the growth of the native heap
# Possible solutions:
#   Reduce memory load on the system
#   Increase physical memory or swap space
#   Check if swap backing store is full
#   Decrease Java heap size (-Xmx/-Xms)
#   Decrease number of Java threads
#   Decrease Java thread stack sizes (-Xss)
#   Set larger code cache with -XX:ReservedCodeCacheSize=
#   JVM is running with Zero Based Compressed Oops mode in which the Java heap is
#     placed in the first 32GB address space. The Java Heap base address is the
#     maximum limit for the native heap growth. Please use -XX:HeapBaseMinAddress
#     to set the Java Heap base and to place the Java Heap above 32GB virtual address.
# This output file may be truncated or incomplete.
#
#  Out of Memory Error (./open/src/hotspot/share/memory/allocation.cpp:44), pid=15708, tid=25168
#
# JRE version: OpenJDK Runtime Environment (15.0.2+7) (build 15.0.2+7-27)
# Java VM: OpenJDK 64-Bit Server VM (15.0.2+7-27, mixed mode, sharing, tiered, compressed oops, g1 gc, windows-amd64)
# No core dump will be written. Minidumps are not enabled by default on client versions of Windows
#

---------------  S U M M A R Y ------------

Command Line: -XX:TieredStopAtLevel=1 -Xverify:none -Dspring.output.ansi.enabled=always -javaagent:C:\Program Files\JetBrains\IntelliJ IDEA 2020.3.1\lib\idea_rt.jar=65056:C:\Program Files\JetBrains\IntelliJ IDEA 2020.3.1\bin -Dcom.sun.management.jmxremote -Dspring.jmx.enabled=true -Dspring.liveBeansView.mbeanDomain -Dspring.application.admin.enabled=true -Dfile.encoding=UTF-8 pl.coderslab.webcrawler.WebcrawlerApplication

Host: Intel(R) Core(TM) i5-10210U CPU @ 1.60GHz, 8 cores, 15G,  Windows 10 , 64 bit Build 19041 (10.0.19041.1023)
Time: Thu Aug 12 22:30:04 2021 Œrodkowoeuropejski czas letni elapsed time: 1.581288 seconds (0d 0h 0m 1s)

---------------  T H R E A D  ---------------

Current thread (0x000001defad13320):  VMThread "VM Thread" [stack: 0x00000066b1100000,0x00000066b1200000] [id=25168]

Stack: [0x00000066b1100000,0x00000066b1200000]
[error occurred during error reporting (printing stack bounds), id 0xc0000005, EXCEPTION_ACCESS_VIOLATION (0xc0000005) at pc=0x000001dedf2310ad]

Native frames: (J=compiled Java code, j=interpreted, Vv=VM code, C=native code)
V  [jvm.dll+0x62ae9a]
V  [jvm.dll+0x7817a9]
V  [jvm.dll+0x782f03]
V  [jvm.dll+0x7834c5]
V  [jvm.dll+0x78347b]
V  [jvm.dll+0x62a2b9]
V  [jvm.dll+0x62aa88]
C  [ntdll.dll+0xa217f]
C  [ntdll.dll+0x51454]
C  [ntdll.dll+0xa0cae]
C  0x000001dedf2310ad

VM_Operation (0x00000066b0bfc230): CollectForMetadataAllocation, mode: safepoint, requested by thread 0x000001ded584de20


---------------  P R O C E S S  ---------------

Threads class SMR info:
_java_thread_list=0x000001defc1c7960, length=14, elements={
0x000001ded584de20, 0x000001defad16ac0, 0x000001defad195b0, 0x000001defb535c90,
0x000001defb538970, 0x000001defb539230, 0x000001defb53ac00, 0x000001defb53b600,
0x000001ded59186f0, 0x000001defba66e50, 0x000001defba67320, 0x000001defbbf89a0,
0x000001defcaa5ad0, 0x000001defcaa2f80
}

Java Threads: ( => current thread )
  0x000001ded584de20 JavaThread "main" [_thread_blocked, id=8688, stack(0x00000066b0b00000,0x00000066b0c00000)]
  0x000001defad16ac0 JavaThread "Reference Handler" daemon [_thread_blocked, id=19356, stack(0x00000066b1200000,0x00000066b1300000)]
  0x000001defad195b0 JavaThread "Finalizer" daemon [_thread_blocked, id=9004, stack(0x00000066b1300000,0x00000066b1400000)]
  0x000001defb535c90 JavaThread "Signal Dispatcher" daemon [_thread_blocked, id=21176, stack(0x00000066b1400000,0x00000066b1500000)]
  0x000001defb538970 JavaThread "Attach Listener" daemon [_thread_blocked, id=22472, stack(0x00000066b1500000,0x00000066b1600000)]
  0x000001defb539230 JavaThread "Service Thread" daemon [_thread_blocked, id=14568, stack(0x00000066b1600000,0x00000066b1700000)]
  0x000001defb53ac00 JavaThread "C1 CompilerThread0" daemon [_thread_blocked, id=19016, stack(0x00000066b1700000,0x00000066b1800000)]
  0x000001defb53b600 JavaThread "Sweeper thread" daemon [_thread_blocked, id=7952, stack(0x00000066b1800000,0x00000066b1900000)]
  0x000001ded59186f0 JavaThread "Common-Cleaner" daemon [_thread_blocked, id=7692, stack(0x00000066b1900000,0x00000066b1a00000)]
  0x000001defba66e50 JavaThread "Monitor Ctrl-Break" daemon [_thread_in_native, id=3676, stack(0x00000066b1a00000,0x00000066b1b00000)]
  0x000001defba67320 JavaThread "Notification Thread" daemon [_thread_blocked, id=15396, stack(0x00000066b1b00000,0x00000066b1c00000)]
  0x000001defbbf89a0 JavaThread "RMI TCP Accept-0" daemon [_thread_in_native, id=14624, stack(0x00000066b1c00000,0x00000066b1d00000)]
  0x000001defcaa5ad0 JavaThread "RMI TCP Connection(1)-172.25.224.1" daemon [_thread_in_native, id=20248, stack(0x00000066b2500000,0x00000066b2600000)]
  0x000001defcaa2f80 JavaThread "RMI Scheduler(0)" daemon [_thread_blocked, id=21148, stack(0x00000066b2600000,0x00000066b2700000)]

Other Threads:
=>0x000001defad13320 VMThread "VM Thread" [stack: 0x00000066b1100000,0x00000066b1200000] [id=25168]
  0x000001ded584e820 WatcherThread [stack: 0x00000066b1d00000,0x00000066b1e00000] [id=1088]
  0x000001ded589edc0 GCTaskThread "GC Thread#0" [stack: 0x00000066b0c00000,0x00000066b0d00000] [id=21828]
  0x000001defc00dd50 GCTaskThread "GC Thread#1" [stack: 0x00000066b1e00000,0x00000066b1f00000] [id=13412]
  0x000001defc00d3c0 GCTaskThread "GC Thread#2" [stack: 0x00000066b1f00000,0x00000066b2000000] [id=24212]
  0x000001defc00c700 GCTaskThread "GC Thread#3" [stack: 0x00000066b2000000,0x00000066b2100000] [id=9360]
  0x000001defc00ca30 GCTaskThread "GC Thread#4" [stack: 0x00000066b2100000,0x00000066b2200000] [id=23852]
  0x000001defc00da20 GCTaskThread "GC Thread#5" [stack: 0x00000066b2200000,0x00000066b2300000] [id=12372]
  0x000001ded58af9b0 ConcurrentGCThread "G1 Main Marker" [stack: 0x00000066b0d00000,0x00000066b0e00000] [id=8524]
  0x000001ded58b04b0 ConcurrentGCThread "G1 Conc#0" [stack: 0x00000066b0e00000,0x00000066b0f00000] [id=19836]
  0x000001defc00d090 ConcurrentGCThread "G1 Conc#1" [stack: 0x00000066b2700000,0x00000066b2800000] [id=13500]
  0x000001ded5906800 ConcurrentGCThread "G1 Refine#0" [stack: 0x00000066b0f00000,0x00000066b1000000] [id=7544]
  0x000001defbf8feb0 ConcurrentGCThread "G1 Refine#1" [stack: 0x00000066b2300000,0x00000066b2400000] [id=24076]
  0x000001defbdf9f10 ConcurrentGCThread "G1 Refine#2" [stack: 0x00000066b2400000,0x00000066b2500000] [id=16788]
  0x000001ded5907310 ConcurrentGCThread "G1 Young RemSet Sampling" [stack: 0x00000066b1000000,0x00000066b1100000] [id=6600]

Threads with active compile tasks:

VM state: at safepoint (normal execution)

VM Mutex/Monitor currently owned by a thread:  ([mutex/lock_event])
[0x000001ded5849080] Threads_lock - owner thread: 0x000001defad13320
[0x000001ded58491a0] Heap_lock - owner thread: 0x000001ded584de20

Heap address: 0x0000000704600000, size: 4026 MB, Compressed Oops mode: Zero based, Oop shift amount: 3
CDS archive(s) mapped at: [0x0000000800000000-0x0000000800b50000-0x0000000800b50000), size 11862016, SharedBaseAddress: 0x0000000800000000, ArchiveRelocationMode: 0.
Compressed class space mapped at: 0x0000000800b50000-0x0000000840b50000, size: 1073741824
Narrow klass base: 0x0000000800000000, Narrow klass shift: 3, Narrow klass range: 0x100000000

GC Precious Log:
 CPUs: 8 total, 8 available
 Memory: 16100M
 Large Page Support: Disabled
 NUMA Support: Disabled
 Compressed Oops: Enabled (Zero based)
 Heap Region Size: 2M
 Heap Min Capacity: 8M
 Heap Initial Capacity: 252M
 Heap Max Capacity: 4026M
 Pre-touch: Disabled
 Parallel Workers: 8
 Concurrent Workers: 2
 Concurrent Refinement Workers: 8
 Periodic GC: Disabled

Heap:
 garbage-first heap   total 258048K, used 12060K [0x0000000704600000, 0x0000000800000000)
  region size 2048K, 3 young (6144K), 3 survivors (6144K)
 Metaspace       used 19981K, capacity 20385K, committed 20480K, reserved 1087488K
  class space    used 2634K, capacity 2767K, committed 2816K, reserved 1048576K

Heap Regions: E=young(eden), S=young(survivor), O=old, HS=humongous(starts), HC=humongous(continues), CS=collection set, F=free, OA=open archive, CA=closed archive, TAMS=top-at-mark-start (previous, next)
|   0|0x0000000704600000, 0x0000000704800000, 0x0000000704800000|100%| O|  |TAMS 0x0000000704600000, 0x0000000704800000| Untracked 
|   1|0x0000000704800000, 0x0000000704a00000, 0x0000000704a00000|100%| O|  |TAMS 0x0000000704800000, 0x0000000704a00000| Untracked 
|   2|0x0000000704a00000, 0x0000000704c00000, 0x0000000704c00000|100%| O|  |TAMS 0x0000000704a00000, 0x0000000704c00000| Untracked 
|   3|0x0000000704c00000, 0x0000000704cbd800, 0x0000000704e00000| 37%| O|  |TAMS 0x0000000704c00000, 0x0000000704cbd800| Untracked 
|   4|0x0000000704e00000, 0x0000000704e00000, 0x0000000705000000|  0%| F|  |TAMS 0x0000000704e00000, 0x0000000704e00000| Untracked 
|   5|0x0000000705000000, 0x0000000705000000, 0x0000000705200000|  0%| F|  |TAMS 0x0000000705000000, 0x0000000705000000| Untracked 
|   6|0x0000000705200000, 0x0000000705200000, 0x0000000705400000|  0%| F|  |TAMS 0x0000000705200000, 0x0000000705200000| Untracked 
|   7|0x0000000705400000, 0x0000000705400000, 0x0000000705600000|  0%| F|  |TAMS 0x0000000705400000, 0x0000000705400000| Untracked 
|   8|0x0000000705600000, 0x0000000705600000, 0x0000000705800000|  0%| F|  |TAMS 0x0000000705600000, 0x0000000705600000| Untracked 
|   9|0x0000000705800000, 0x0000000705800000, 0x0000000705a00000|  0%| F|  |TAMS 0x0000000705800000, 0x0000000705800000| Untracked 
|  10|0x0000000705a00000, 0x0000000705a00000, 0x0000000705c00000|  0%| F|  |TAMS 0x0000000705a00000, 0x0000000705a00000| Untracked 
|  11|0x0000000705c00000, 0x0000000705c00000, 0x0000000705e00000|  0%| F|  |TAMS 0x0000000705c00000, 0x0000000705c00000| Untracked 
|  12|0x0000000705e00000, 0x0000000705e00000, 0x0000000706000000|  0%| F|  |TAMS 0x0000000705e00000, 0x0000000705e00000| Untracked 
|  13|0x0000000706000000, 0x0000000706000000, 0x0000000706200000|  0%| F|  |TAMS 0x0000000706000000, 0x0000000706000000| Untracked 
|  14|0x0000000706200000, 0x0000000706200000, 0x0000000706400000|  0%| F|  |TAMS 0x0000000706200000, 0x0000000706200000| Untracked 
|  15|0x0000000706400000, 0x0000000706400000, 0x0000000706600000|  0%| F|  |TAMS 0x0000000706400000, 0x0000000706400000| Untracked 
|  16|0x0000000706600000, 0x0000000706600000, 0x0000000706800000|  0%| F|  |TAMS 0x0000000706600000, 0x0000000706600000| Untracked 
|  17|0x0000000706800000, 0x0000000706800000, 0x0000000706a00000|  0%| F|  |TAMS 0x0000000706800000, 0x0000000706800000| Untracked 
|  18|0x0000000706a00000, 0x0000000706a00000, 0x0000000706c00000|  0%| F|  |TAMS 0x0000000706a00000, 0x0000000706a00000| Untracked 
|  19|0x0000000706c00000, 0x0000000706c00000, 0x0000000706e00000|  0%| F|  |TAMS 0x0000000706c00000, 0x0000000706c00000| Untracked 
|  20|0x0000000706e00000, 0x0000000706e00000, 0x0000000707000000|  0%| F|  |TAMS 0x0000000706e00000, 0x0000000706e00000| Untracked 
|  21|0x0000000707000000, 0x0000000707000000, 0x0000000707200000|  0%| F|  |TAMS 0x0000000707000000, 0x0000000707000000| Untracked 
|  22|0x0000000707200000, 0x0000000707200000, 0x0000000707400000|  0%| F|  |TAMS 0x0000000707200000, 0x0000000707200000| Untracked 
|  23|0x0000000707400000, 0x0000000707400000, 0x0000000707600000|  0%| F|  |TAMS 0x0000000707400000, 0x0000000707400000| Untracked 
|  24|0x0000000707600000, 0x0000000707600000, 0x0000000707800000|  0%| F|  |TAMS 0x0000000707600000, 0x0000000707600000| Untracked 
|  25|0x0000000707800000, 0x0000000707800000, 0x0000000707a00000|  0%| F|  |TAMS 0x0000000707800000, 0x0000000707800000| Untracked 
|  26|0x0000000707a00000, 0x0000000707a00000, 0x0000000707c00000|  0%| F|  |TAMS 0x0000000707a00000, 0x0000000707a00000| Untracked 
|  27|0x0000000707c00000, 0x0000000707c00000, 0x0000000707e00000|  0%| F|  |TAMS 0x0000000707c00000, 0x0000000707c00000| Untracked 
|  28|0x0000000707e00000, 0x0000000707e00000, 0x0000000708000000|  0%| F|  |TAMS 0x0000000707e00000, 0x0000000707e00000| Untracked 
|  29|0x0000000708000000, 0x0000000708000000, 0x0000000708200000|  0%| F|  |TAMS 0x0000000708000000, 0x0000000708000000| Untracked 
|  30|0x0000000708200000, 0x0000000708200000, 0x0000000708400000|  0%| F|  |TAMS 0x0000000708200000, 0x0000000708200000| Untracked 
|  31|0x0000000708400000, 0x0000000708400000, 0x0000000708600000|  0%| F|  |TAMS 0x0000000708400000, 0x0000000708400000| Untracked 
|  32|0x0000000708600000, 0x0000000708600000, 0x0000000708800000|  0%| F|  |TAMS 0x0000000708600000, 0x0000000708600000| Untracked 
|  33|0x0000000708800000, 0x0000000708800000, 0x0000000708a00000|  0%| F|  |TAMS 0x0000000708800000, 0x0000000708800000| Untracked 
|  34|0x0000000708a00000, 0x0000000708a00000, 0x0000000708c00000|  0%| F|  |TAMS 0x0000000708a00000, 0x0000000708a00000| Untracked 
|  35|0x0000000708c00000, 0x0000000708c00000, 0x0000000708e00000|  0%| F|  |TAMS 0x0000000708c00000, 0x0000000708c00000| Untracked 
|  36|0x0000000708e00000, 0x0000000708e00000, 0x0000000709000000|  0%| F|  |TAMS 0x0000000708e00000, 0x0000000708e00000| Untracked 
|  37|0x0000000709000000, 0x0000000709000000, 0x0000000709200000|  0%| F|  |TAMS 0x0000000709000000, 0x0000000709000000| Untracked 
|  38|0x0000000709200000, 0x0000000709200000, 0x0000000709400000|  0%| F|  |TAMS 0x0000000709200000, 0x0000000709200000| Untracked 
|  39|0x0000000709400000, 0x0000000709400000, 0x0000000709600000|  0%| F|  |TAMS 0x0000000709400000, 0x0000000709400000| Untracked 
|  40|0x0000000709600000, 0x0000000709600000, 0x0000000709800000|  0%| F|  |TAMS 0x0000000709600000, 0x0000000709600000| Untracked 
|  41|0x0000000709800000, 0x0000000709800000, 0x0000000709a00000|  0%| F|  |TAMS 0x0000000709800000, 0x0000000709800000| Untracked 
|  42|0x0000000709a00000, 0x0000000709a00000, 0x0000000709c00000|  0%| F|  |TAMS 0x0000000709a00000, 0x0000000709a00000| Untracked 
|  43|0x0000000709c00000, 0x0000000709c00000, 0x0000000709e00000|  0%| F|  |TAMS 0x0000000709c00000, 0x0000000709c00000| Untracked 
|  44|0x0000000709e00000, 0x0000000709e00000, 0x000000070a000000|  0%| F|  |TAMS 0x0000000709e00000, 0x0000000709e00000| Untracked 
|  45|0x000000070a000000, 0x000000070a000000, 0x000000070a200000|  0%| F|  |TAMS 0x000000070a000000, 0x000000070a000000| Untracked 
|  46|0x000000070a200000, 0x000000070a200000, 0x000000070a400000|  0%| F|  |TAMS 0x000000070a200000, 0x000000070a200000| Untracked 
|  47|0x000000070a400000, 0x000000070a400000, 0x000000070a600000|  0%| F|  |TAMS 0x000000070a400000, 0x000000070a400000| Untracked 
|  48|0x000000070a600000, 0x000000070a600000, 0x000000070a800000|  0%| F|  |TAMS 0x000000070a600000, 0x000000070a600000| Untracked 
|  49|0x000000070a800000, 0x000000070a800000, 0x000000070aa00000|  0%| F|  |TAMS 0x000000070a800000, 0x000000070a800000| Untracked 
|  50|0x000000070aa00000, 0x000000070aa00000, 0x000000070ac00000|  0%| F|  |TAMS 0x000000070aa00000, 0x000000070aa00000| Untracked 
|  51|0x000000070ac00000, 0x000000070ac00000, 0x000000070ae00000|  0%| F|  |TAMS 0x000000070ac00000, 0x000000070ac00000| Untracked 
|  52|0x000000070ae00000, 0x000000070ae00000, 0x000000070b000000|  0%| F|  |TAMS 0x000000070ae00000, 0x000000070ae00000| Untracked 
|  53|0x000000070b000000, 0x000000070b000000, 0x000000070b200000|  0%| F|  |TAMS 0x000000070b000000, 0x000000070b000000| Untracked 
|  54|0x000000070b200000, 0x000000070b200000, 0x000000070b400000|  0%| F|  |TAMS 0x000000070b200000, 0x000000070b200000| Untracked 
|  55|0x000000070b400000, 0x000000070b400000, 0x000000070b600000|  0%| F|  |TAMS 0x000000070b400000, 0x000000070b400000| Untracked 
|  56|0x000000070b600000, 0x000000070b600000, 0x000000070b800000|  0%| F|  |TAMS 0x000000070b600000, 0x000000070b600000| Untracked 
|  57|0x000000070b800000, 0x000000070b800000, 0x000000070ba00000|  0%| F|  |TAMS 0x000000070b800000, 0x000000070b800000| Untracked 
|  58|0x000000070ba00000, 0x000000070ba00000, 0x000000070bc00000|  0%| F|  |TAMS 0x000000070ba00000, 0x000000070ba00000| Untracked 
|  59|0x000000070bc00000, 0x000000070bc00000, 0x000000070be00000|  0%| F|  |TAMS 0x000000070bc00000, 0x000000070bc00000| Untracked 
|  60|0x000000070be00000, 0x000000070be00000, 0x000000070c000000|  0%| F|  |TAMS 0x000000070be00000, 0x000000070be00000| Untracked 
|  61|0x000000070c000000, 0x000000070c000000, 0x000000070c200000|  0%| F|  |TAMS 0x000000070c000000, 0x000000070c000000| Untracked 
|  62|0x000000070c200000, 0x000000070c200000, 0x000000070c400000|  0%| F|  |TAMS 0x000000070c200000, 0x000000070c200000| Untracked 
|  63|0x000000070c400000, 0x000000070c400000, 0x000000070c600000|  0%| F|  |TAMS 0x000000070c400000, 0x000000070c400000| Untracked 
|  64|0x000000070c600000, 0x000000070c600000, 0x000000070c800000|  0%| F|  |TAMS 0x000000070c600000, 0x000000070c600000| Untracked 
|  65|0x000000070c800000, 0x000000070c800000, 0x000000070ca00000|  0%| F|  |TAMS 0x000000070c800000, 0x000000070c800000| Untracked 
|  66|0x000000070ca00000, 0x000000070ca00000, 0x000000070cc00000|  0%| F|  |TAMS 0x000000070ca00000, 0x000000070ca00000| Untracked 
|  67|0x000000070cc00000, 0x000000070cc00000, 0x000000070ce00000|  0%| F|  |TAMS 0x000000070cc00000, 0x000000070cc00000| Untracked 
|  68|0x000000070ce00000, 0x000000070ce00000, 0x000000070d000000|  0%| F|  |TAMS 0x000000070ce00000, 0x000000070ce00000| Untracked 
|  69|0x000000070d000000, 0x000000070d000000, 0x000000070d200000|  0%| F|  |TAMS 0x000000070d000000, 0x000000070d000000| Untracked 
|  70|0x000000070d200000, 0x000000070d200000, 0x000000070d400000|  0%| F|  |TAMS 0x000000070d200000, 0x000000070d200000| Untracked 
|  71|0x000000070d400000, 0x000000070d400000, 0x000000070d600000|  0%| F|  |TAMS 0x000000070d400000, 0x000000070d400000| Untracked 
|  72|0x000000070d600000, 0x000000070d600000, 0x000000070d800000|  0%| F|  |TAMS 0x000000070d600000, 0x000000070d600000| Untracked 
|  73|0x000000070d800000, 0x000000070d800000, 0x000000070da00000|  0%| F|  |TAMS 0x000000070d800000, 0x000000070d800000| Untracked 
|  74|0x000000070da00000, 0x000000070da00000, 0x000000070dc00000|  0%| F|  |TAMS 0x000000070da00000, 0x000000070da00000| Untracked 
|  75|0x000000070dc00000, 0x000000070dc00000, 0x000000070de00000|  0%| F|  |TAMS 0x000000070dc00000, 0x000000070dc00000| Untracked 
|  76|0x000000070de00000, 0x000000070de00000, 0x000000070e000000|  0%| F|  |TAMS 0x000000070de00000, 0x000000070de00000| Untracked 
|  77|0x000000070e000000, 0x000000070e000000, 0x000000070e200000|  0%| F|  |TAMS 0x000000070e000000, 0x000000070e000000| Untracked 
|  78|0x000000070e200000, 0x000000070e200000, 0x000000070e400000|  0%| F|  |TAMS 0x000000070e200000, 0x000000070e200000| Untracked 
|  79|0x000000070e400000, 0x000000070e400000, 0x000000070e600000|  0%| F|  |TAMS 0x000000070e400000, 0x000000070e400000| Untracked 
|  80|0x000000070e600000, 0x000000070e600000, 0x000000070e800000|  0%| F|  |TAMS 0x000000070e600000, 0x000000070e600000| Untracked 
|  81|0x000000070e800000, 0x000000070e800000, 0x000000070ea00000|  0%| F|  |TAMS 0x000000070e800000, 0x000000070e800000| Untracked 
|  82|0x000000070ea00000, 0x000000070ea00000, 0x000000070ec00000|  0%| F|  |TAMS 0x000000070ea00000, 0x000000070ea00000| Untracked 
|  83|0x000000070ec00000, 0x000000070ec00000, 0x000000070ee00000|  0%| F|  |TAMS 0x000000070ec00000, 0x000000070ec00000| Untracked 
|  84|0x000000070ee00000, 0x000000070ee00000, 0x000000070f000000|  0%| F|  |TAMS 0x000000070ee00000, 0x000000070ee00000| Untracked 
|  85|0x000000070f000000, 0x000000070f000000, 0x000000070f200000|  0%| F|  |TAMS 0x000000070f000000, 0x000000070f000000| Untracked 
|  86|0x000000070f200000, 0x000000070f200000, 0x000000070f400000|  0%| F|  |TAMS 0x000000070f200000, 0x000000070f200000| Untracked 
|  87|0x000000070f400000, 0x000000070f400000, 0x000000070f600000|  0%| F|  |TAMS 0x000000070f400000, 0x000000070f400000| Untracked 
|  88|0x000000070f600000, 0x000000070f600000, 0x000000070f800000|  0%| F|  |TAMS 0x000000070f600000, 0x000000070f600000| Untracked 
|  89|0x000000070f800000, 0x000000070f800000, 0x000000070fa00000|  0%| F|  |TAMS 0x000000070f800000, 0x000000070f800000| Untracked 
|  90|0x000000070fa00000, 0x000000070fa00000, 0x000000070fc00000|  0%| F|  |TAMS 0x000000070fa00000, 0x000000070fa00000| Untracked 
|  91|0x000000070fc00000, 0x000000070fc00000, 0x000000070fe00000|  0%| F|  |TAMS 0x000000070fc00000, 0x000000070fc00000| Untracked 
|  92|0x000000070fe00000, 0x000000070fe00000, 0x0000000710000000|  0%| F|  |TAMS 0x000000070fe00000, 0x000000070fe00000| Untracked 
|  93|0x0000000710000000, 0x0000000710000000, 0x0000000710200000|  0%| F|  |TAMS 0x0000000710000000, 0x0000000710000000| Untracked 
|  94|0x0000000710200000, 0x0000000710200000, 0x0000000710400000|  0%| F|  |TAMS 0x0000000710200000, 0x0000000710200000| Untracked 
|  95|0x0000000710400000, 0x0000000710400000, 0x0000000710600000|  0%| F|  |TAMS 0x0000000710400000, 0x0000000710400000| Untracked 
|  96|0x0000000710600000, 0x0000000710709a50, 0x0000000710800000| 51%| S|CS|TAMS 0x0000000710600000, 0x0000000710600000| Complete 
|  97|0x0000000710800000, 0x0000000710a00000, 0x0000000710a00000|100%| S|CS|TAMS 0x0000000710800000, 0x0000000710800000| Complete 
|  98|0x0000000710a00000, 0x0000000710c00000, 0x0000000710c00000|100%| S|CS|TAMS 0x0000000710a00000, 0x0000000710a00000| Complete 
|  99|0x0000000710c00000, 0x0000000710c00000, 0x0000000710e00000|  0%| F|  |TAMS 0x0000000710c00000, 0x0000000710c00000| Untracked 
| 100|0x0000000710e00000, 0x0000000710e00000, 0x0000000711000000|  0%| F|  |TAMS 0x0000000710e00000, 0x0000000710e00000| Untracked 
| 101|0x0000000711000000, 0x0000000711000000, 0x0000000711200000|  0%| F|  |TAMS 0x0000000711000000, 0x0000000711000000| Untracked 
| 102|0x0000000711200000, 0x0000000711200000, 0x0000000711400000|  0%| F|  |TAMS 0x0000000711200000, 0x0000000711200000| Untracked 
| 103|0x0000000711400000, 0x0000000711400000, 0x0000000711600000|  0%| F|  |TAMS 0x0000000711400000, 0x0000000711400000| Untracked 
| 104|0x0000000711600000, 0x0000000711600000, 0x0000000711800000|  0%| F|  |TAMS 0x0000000711600000, 0x0000000711600000| Untracked 
| 105|0x0000000711800000, 0x0000000711800000, 0x0000000711a00000|  0%| F|  |TAMS 0x0000000711800000, 0x0000000711800000| Untracked 
| 106|0x0000000711a00000, 0x0000000711a00000, 0x0000000711c00000|  0%| F|  |TAMS 0x0000000711a00000, 0x0000000711a00000| Untracked 
| 107|0x0000000711c00000, 0x0000000711c00000, 0x0000000711e00000|  0%| F|  |TAMS 0x0000000711c00000, 0x0000000711c00000| Untracked 
| 108|0x0000000711e00000, 0x0000000711e00000, 0x0000000712000000|  0%| F|  |TAMS 0x0000000711e00000, 0x0000000711e00000| Untracked 
| 109|0x0000000712000000, 0x0000000712000000, 0x0000000712200000|  0%| F|  |TAMS 0x0000000712000000, 0x0000000712000000| Untracked 
| 110|0x0000000712200000, 0x0000000712200000, 0x0000000712400000|  0%| F|  |TAMS 0x0000000712200000, 0x0000000712200000| Untracked 
| 111|0x0000000712400000, 0x0000000712400000, 0x0000000712600000|  0%| F|  |TAMS 0x0000000712400000, 0x0000000712400000| Untracked 
| 112|0x0000000712600000, 0x0000000712600000, 0x0000000712800000|  0%| F|  |TAMS 0x0000000712600000, 0x0000000712600000| Untracked 
| 113|0x0000000712800000, 0x0000000712800000, 0x0000000712a00000|  0%| F|  |TAMS 0x0000000712800000, 0x0000000712800000| Untracked 
| 114|0x0000000712a00000, 0x0000000712a00000, 0x0000000712c00000|  0%| F|  |TAMS 0x0000000712a00000, 0x0000000712a00000| Untracked 
| 115|0x0000000712c00000, 0x0000000712c00000, 0x0000000712e00000|  0%| F|  |TAMS 0x0000000712c00000, 0x0000000712c00000| Untracked 
| 116|0x0000000712e00000, 0x0000000712e00000, 0x0000000713000000|  0%| F|  |TAMS 0x0000000712e00000, 0x0000000712e00000| Untracked 
| 117|0x0000000713000000, 0x0000000713000000, 0x0000000713200000|  0%| F|  |TAMS 0x0000000713000000, 0x0000000713000000| Untracked 
| 118|0x0000000713200000, 0x0000000713200000, 0x0000000713400000|  0%| F|  |TAMS 0x0000000713200000, 0x0000000713200000| Untracked 
| 119|0x0000000713400000, 0x0000000713400000, 0x0000000713600000|  0%| F|  |TAMS 0x0000000713400000, 0x0000000713400000| Untracked 
| 120|0x0000000713600000, 0x0000000713600000, 0x0000000713800000|  0%| F|  |TAMS 0x0000000713600000, 0x0000000713600000| Untracked 
| 121|0x0000000713800000, 0x0000000713800000, 0x0000000713a00000|  0%| F|  |TAMS 0x0000000713800000, 0x0000000713800000| Untracked 
| 122|0x0000000713a00000, 0x0000000713a00000, 0x0000000713c00000|  0%| F|  |TAMS 0x0000000713a00000, 0x0000000713a00000| Untracked 
| 123|0x0000000713c00000, 0x0000000713c00000, 0x0000000713e00000|  0%| F|  |TAMS 0x0000000713c00000, 0x0000000713c00000| Untracked 
| 124|0x0000000713e00000, 0x0000000713e00000, 0x0000000714000000|  0%| F|  |TAMS 0x0000000713e00000, 0x0000000713e00000| Untracked 
| 125|0x0000000714000000, 0x0000000714000000, 0x0000000714200000|  0%| F|  |TAMS 0x0000000714000000, 0x0000000714000000| Untracked 

Card table byte_map: [0x000001deef470000,0x000001deefc50000] _byte_map_base: 0x000001deebc4d000

Marking Bits (Prev, Next): (CMBitMap*) 0x000001ded589f4c0, (CMBitMap*) 0x000001ded589f500
 Prev Bits: [0x000001def0430000, 0x000001def4318000)
 Next Bits: [0x000001def4320000, 0x000001def8208000)

Polling page: 0x000001ded56e0000

Metaspace:

Usage:
  Non-class:     17.21 MB capacity,    16.94 MB ( 98%) used,   234.05 KB (  1%) free+waste,    37.62 KB ( <1%) overhead. 
      Class:      2.70 MB capacity,     2.57 MB ( 95%) used,   115.62 KB (  4%) free+waste,    16.56 KB ( <1%) overhead. 
       Both:     19.91 MB capacity,    19.51 MB ( 98%) used,   349.66 KB (  2%) free+waste,    54.19 KB ( <1%) overhead. 

Virtual space:
  Non-class space:       38.00 MB reserved,      17.25 MB ( 45%) committed 
      Class space:        1.00 GB reserved,       2.75 MB ( <1%) committed 
             Both:        1.04 GB reserved,      20.00 MB (  2%) committed 

Chunk freelists:
   Non-Class:  46.00 KB
       Class:  17.00 KB
        Both:  63.00 KB

MaxMetaspaceSize: 17179869184.00 GB
CompressedClassSpaceSize: 1.00 GB

CodeHeap 'non-profiled nmethods': size=238336Kb used=4415Kb max_used=4415Kb free=233920Kb
 bounds [0x000001dedf970000, 0x000001dedfdc0000, 0x000001deee230000]
CodeHeap 'non-nmethods': size=7424Kb used=1212Kb max_used=1212Kb free=6212Kb
 bounds [0x000001dedf230000, 0x000001dedf4a0000, 0x000001dedf970000]
 total_blobs=3415 nmethods=2935 adapters=407
 compilation: disabled (not enough contiguous free space left)
              stopped_count=1, restarted_count=0
 full_count=1

Compilation events (20 events):
Event: 1.533 Thread 0x000001defb53ac00 2925       1       java.util.LinkedHashMap$LinkedKeySet::size (8 bytes)
Event: 1.533 Thread 0x000001defb53ac00 nmethod 2925 0x000001dedfdbc610 code [0x000001dedfdbc7a0, 0x000001dedfdbc858]
Event: 1.533 Thread 0x000001defb53ac00 2927       1       org.springframework.core.annotation.AnnotationFilter::matches (13 bytes)
Event: 1.533 Thread 0x000001defb53ac00 nmethod 2927 0x000001dedfdbc910 code [0x000001dedfdbcac0, 0x000001dedfdbcbd8]
Event: 1.533 Thread 0x000001defb53ac00 2929       1       org.springframework.beans.factory.support.AbstractBeanFactory::getBeanClassLoader (5 bytes)
Event: 1.533 Thread 0x000001defb53ac00 nmethod 2929 0x000001dedfdbcc90 code [0x000001dedfdbce20, 0x000001dedfdbced8]
Event: 1.535 Thread 0x000001defb53ac00 2930       1       org.springframework.util.ObjectUtils::arrayEquals (290 bytes)
Event: 1.536 Thread 0x000001defb53ac00 nmethod 2930 0x000001dedfdbcf90 code [0x000001dedfdbd200, 0x000001dedfdbde28]
Event: 1.536 Thread 0x000001defb53ac00 2931   !   1       jdk.internal.reflect.GeneratedMethodAccessor7::invoke (63 bytes)
Event: 1.536 Thread 0x000001defb53ac00 nmethod 2931 0x000001dedfdbe110 code [0x000001dedfdbe340, 0x000001dedfdbe808]
Event: 1.541 Thread 0x000001defb53ac00 2932       1       java.util.LinkedHashMap$LinkedValues::iterator (12 bytes)
Event: 1.541 Thread 0x000001defb53ac00 nmethod 2932 0x000001dedfdbec90 code [0x000001dedfdbee20, 0x000001dedfdbf078]
Event: 1.541 Thread 0x000001defb53ac00 2933       1       java.util.LinkedHashMap$LinkedValueIterator::<init> (11 bytes)
Event: 1.541 Thread 0x000001defb53ac00 nmethod 2933 0x000001dedfdbf190 code [0x000001dedfdbf320, 0x000001dedfdbf558]
Event: 1.542 Thread 0x000001defb53ac00 2934       1       java.lang.reflect.AccessibleObject::getAnnotations (5 bytes)
Event: 1.542 Thread 0x000001defb53ac00 nmethod 2934 0x000001dedfdbf610 code [0x000001dedfdbf7a0, 0x000001dedfdbf888]
Event: 1.542 Thread 0x000001defb53ac00 2935       1       org.springframework.core.type.AnnotatedTypeMetadata::getAnnotationAttributes (9 bytes)
Event: 1.543 Thread 0x000001defb53ac00 nmethod 2935 0x000001dedfdbf910 code [0x000001dedfdbfaa0, 0x000001dedfdbfb88]
Event: 1.544 Thread 0x000001defb53ac00 2936   !   1       com.sun.proxy.$Proxy28::annotationType (29 bytes)
Event: 1.544 Thread 0x000001defb53ac00 


GC Heap History (8 events):
Event: 0.618 GC heap before
{Heap before GC invocations=0 (full 0):
 garbage-first heap   total 258048K, used 22528K [0x0000000704600000, 0x0000000800000000)
  region size 2048K, 11 young (22528K), 0 survivors (0K)
 Metaspace       used 7123K, capacity 7410K, committed 7680K, reserved 1056768K
  class space    used 867K, capacity 947K, committed 1024K, reserved 1048576K
}
Event: 0.623 GC heap after
{Heap after GC invocations=1 (full 0):
 garbage-first heap   total 258048K, used 6843K [0x0000000704600000, 0x0000000800000000)
  region size 2048K, 2 young (4096K), 2 survivors (4096K)
 Metaspace       used 7123K, capacity 7410K, committed 7680K, reserved 1056768K
  class space    used 867K, capacity 947K, committed 1024K, reserved 1048576K
}
Event: 0.921 GC heap before
{Heap before GC invocations=1 (full 0):
 garbage-first heap   total 258048K, used 25275K [0x0000000704600000, 0x0000000800000000)
  region size 2048K, 11 young (22528K), 2 survivors (4096K)
 Metaspace       used 11081K, capacity 11348K, committed 11520K, reserved 1058816K
  class space    used 1445K, capacity 1532K, committed 1536K, reserved 1048576K
}
Event: 0.925 GC heap after
{Heap after GC invocations=2 (full 0):
 garbage-first heap   total 258048K, used 8333K [0x0000000704600000, 0x0000000800000000)
  region size 2048K, 1 young (2048K), 1 survivors (2048K)
 Metaspace       used 11081K, capacity 11348K, committed 11520K, reserved 1058816K
  class space    used 1445K, capacity 1532K, committed 1536K, reserved 1048576K
}
Event: 1.135 GC heap before
{Heap before GC invocations=2 (full 0):
 garbage-first heap   total 258048K, used 53389K [0x0000000704600000, 0x0000000800000000)
  region size 2048K, 24 young (49152K), 1 survivors (2048K)
 Metaspace       used 15170K, capacity 15490K, committed 15744K, reserved 1062912K
  class space    used 1947K, capacity 2058K, committed 2176K, reserved 1048576K
}
Event: 1.137 GC heap after
{Heap after GC invocations=3 (full 0):
 garbage-first heap   total 258048K, used 9764K [0x0000000704600000, 0x0000000800000000)
  region size 2048K, 2 young (4096K), 2 survivors (4096K)
 Metaspace       used 15170K, capacity 15490K, committed 15744K, reserved 1062912K
  class space    used 1947K, capacity 2058K, committed 2176K, reserved 1048576K
}
Event: 1.574 GC heap before
{Heap before GC invocations=3 (full 0):
 garbage-first heap   total 258048K, used 56868K [0x0000000704600000, 0x0000000800000000)
  region size 2048K, 27 young (55296K), 2 survivors (4096K)
 Metaspace       used 19981K, capacity 20385K, committed 20480K, reserved 1085440K
  class space    used 2634K, capacity 2767K, committed 2816K, reserved 1048576K
}
Event: 1.577 GC heap after
{Heap after GC invocations=4 (full 0):
 garbage-first heap   total 258048K, used 12060K [0x0000000704600000, 0x0000000800000000)
  region size 2048K, 3 young (6144K), 3 survivors (6144K)
 Metaspace       used 19981K, capacity 20385K, committed 20480K, reserved 1085440K
  class space    used 2634K, capacity 2767K, committed 2816K, reserved 1048576K
}

Deoptimization events (2 events):
Event: 1.470 Thread 0x000001ded584de20 DEOPT PACKING pc=0x000001dedfc329fc sp=0x00000066b0bfdb80
Event: 1.470 Thread 0x000001ded584de20 DEOPT UNPACKING pc=0x000001dedf27e23f sp=0x00000066b0bfd0d8 mode 0

Classes unloaded (0 events):
No events

Classes redefined (0 events):
No events

Internal exceptions (20 events):
Event: 1.024 Thread 0x000001ded584de20 Exception <a 'java/lang/ClassNotFoundException'{0x00000007134a9e50}: org/springframework/core/PriorityOrderedCustomizer> (0x00000007134a9e50) 
thrown [./open/src/hotspot/share/classfile/systemDictionary.cpp, line 295]
Event: 1.024 Thread 0x000001ded584de20 Exception <a 'java/lang/ClassNotFoundException'{0x00000007134ad3a0}: org/springframework/core/OrderedCustomizer> (0x00000007134ad3a0) 
thrown [./open/src/hotspot/share/classfile/systemDictionary.cpp, line 295]
Event: 1.025 Thread 0x000001ded584de20 Exception <a 'java/lang/ClassNotFoundException'{0x00000007134b1ae8}: org/springframework/context/ResourceLoaderAwareCustomizer> (0x00000007134b1ae8) 
thrown [./open/src/hotspot/share/classfile/systemDictionary.cpp, line 295]
Event: 1.026 Thread 0x000001ded584de20 Exception <a 'java/lang/ClassNotFoundException'{0x00000007134b6368}: org/springframework/beans/factory/AwareCustomizer> (0x00000007134b6368) 
thrown [./open/src/hotspot/share/classfile/systemDictionary.cpp, line 295]
Event: 1.026 Thread 0x000001ded584de20 Exception <a 'java/lang/ClassNotFoundException'{0x00000007134b9bc0}: org/springframework/context/ApplicationStartupAwareCustomizer> (0x00000007134b9bc0) 
thrown [./open/src/hotspot/share/classfile/systemDictionary.cpp, line 295]
Event: 1.026 Thread 0x000001ded584de20 Exception <a 'java/lang/ClassNotFoundException'{0x00000007134be6b8}: org/springframework/beans/factory/AwareCustomizer> (0x00000007134be6b8) 
thrown [./open/src/hotspot/share/classfile/systemDictionary.cpp, line 295]
Event: 1.027 Thread 0x000001ded584de20 Exception <a 'java/lang/ClassNotFoundException'{0x00000007134c1f48}: org/springframework/beans/factory/BeanClassLoaderAwareCustomizer> (0x00000007134c1f48) 
thrown [./open/src/hotspot/share/classfile/systemDictionary.cpp, line 295]
Event: 1.027 Thread 0x000001ded584de20 Exception <a 'java/lang/ClassNotFoundException'{0x00000007134c67e0}: org/springframework/beans/factory/AwareCustomizer> (0x00000007134c67e0) 
thrown [./open/src/hotspot/share/classfile/systemDictionary.cpp, line 295]
Event: 1.027 Thread 0x000001ded584de20 Exception <a 'java/lang/ClassNotFoundException'{0x00000007134c9e20}: org/springframework/context/EnvironmentAwareCustomizer> (0x00000007134c9e20) 
thrown [./open/src/hotspot/share/classfile/systemDictionary.cpp, line 295]
Event: 1.028 Thread 0x000001ded584de20 Exception <a 'java/lang/ClassNotFoundException'{0x00000007134ce630}: org/springframework/beans/factory/AwareCustomizer> (0x00000007134ce630) 
thrown [./open/src/hotspot/share/classfile/systemDictionary.cpp, line 295]
Event: 1.161 Thread 0x000001ded584de20 Exception <a 'java/lang/IncompatibleClassChangeError'{0x00000007139ddc70}: Found class java.lang.Object, but interface was expected> (0x00000007139ddc70) 
thrown [./open/src/hotspot/share/interpreter/linkResolver.cpp, line 848]
Event: 1.181 Thread 0x000001ded584de20 Exception <a 'java/lang/NoSuchMethodError'{0x000000071374f2d0}: 'void java.lang.invoke.DirectMethodHandle$Holder.invokeInterface(java.lang.Object, java.lang.Object, java.lang.Object, java.lang.Object)'> (0x000000071374f2d0) 
thrown [./open/src/hotspot/share/interpreter/linkResolver.cpp, line 782]
Event: 1.246 Thread 0x000001ded584de20 Exception <a 'java/lang/NoSuchMethodError'{0x000000071302db28}: 'java.lang.Object java.lang.invoke.DirectMethodHandle$Holder.invokeStatic(java.lang.Object, java.lang.Object, int)'> (0x000000071302db28) 
thrown [./open/src/hotspot/share/interpreter/linkResolver.cpp, line 782]
Event: 1.246 Thread 0x000001ded584de20 Exception <a 'java/lang/NoSuchMethodError'{0x00000007130399a0}: 'void java.lang.invoke.DelegatingMethodHandle$Holder.delegate(java.lang.Object, java.lang.Object, int, java.lang.Object)'> (0x00000007130399a0) 
thrown [./open/src/hotspot/share/interpreter/linkResolver.cpp, line 782]
Event: 1.298 Thread 0x000001defcaa5ad0 Exception <a 'java/lang/NoSuchMethodError'{0x0000000712d4cd98}: static [B.<clinit>()V> (0x0000000712d4cd98) 
thrown [./open/src/hotspot/share/prims/jni.cpp, line 1204]
Event: 1.304 Thread 0x000001defcaa5ad0 Exception <a 'java/lang/ClassNotFoundException'{0x0000000712d6e778}: javax/management/remote/rmi/RMIConnectionImpl_Skel> (0x0000000712d6e778) 
thrown [./open/src/hotspot/share/classfile/systemDictionary.cpp, line 295]
Event: 1.304 Thread 0x000001defcaa6470 Exception <a 'java/lang/NoSuchMethodError'{0x000000071291ebc8}: 'java.lang.Object java.lang.invoke.Invokers$Holder.linkToTargetMethod(java.lang.Object, long, java.lang.Object)'> (0x000000071291ebc8) 
thrown [./open/src/hotspot/share/interpreter/linkResolver.cpp, line 782]
Event: 1.311 Thread 0x000001defcaa5ad0 Exception <a 'java/lang/reflect/InvocationTargetException'{0x0000000712da16b8}> (0x0000000712da16b8) 
thrown [./open/src/hotspot/share/runtime/reflection.cpp, line 1157]
Event: 1.312 Thread 0x000001defcaa5ad0 Exception <a 'java/lang/NoSuchMethodError'{0x0000000712dc2f08}: static [Ljava/lang/StackTraceElement;.<clinit>()V> (0x0000000712dc2f08) 
thrown [./open/src/hotspot/share/prims/jni.cpp, line 1204]
Event: 1.472 Thread 0x000001ded584de20 Exception <a 'java/lang/NoSuchMethodError'{0x0000000711973c38}: 'java.lang.Object java.lang.invoke.DirectMethodHandle$Holder.invokeStatic(java.lang.Object, java.lang.Object, java.lang.Object, java.lang.Object, int)'> (0x0000000711973c38) 
thrown [./open/src/hotspot/share/interpreter/linkResolver.cpp, line 782]

Events (20 events):
Event: 1.476 loading class java/util/stream/Streams$ConcatSpliterator$OfRef done
Event: 1.476 loading class java/util/stream/Streams$2
Event: 1.476 loading class java/util/stream/Streams$2 done
Event: 1.477 Executing VM operation: CollectForMetadataAllocation
Event: 1.477 Executing VM operation: CollectForMetadataAllocation done
Event: 1.487 loading class java/util/stream/ReferencePipeline$11
Event: 1.487 loading class java/util/stream/ReferencePipeline$11 done
Event: 1.487 loading class java/util/stream/ReferencePipeline$11$1
Event: 1.487 loading class java/util/stream/ReferencePipeline$11$1 done
Event: 1.489 Executing VM operation: HandshakeAllThreads
Event: 1.489 Executing VM operation: HandshakeAllThreads done
Event: 1.522 Executing VM operation: CollectForMetadataAllocation
Event: 1.522 Executing VM operation: CollectForMetadataAllocation done
Event: 1.538 Executing VM operation: CollectForMetadataAllocation
Event: 1.538 Executing VM operation: CollectForMetadataAllocation done
Event: 1.558 Executing VM operation: CollectForMetadataAllocation
Event: 1.559 Executing VM operation: CollectForMetadataAllocation done
Event: 1.561 loading class java/lang/ClassFormatError
Event: 1.561 loading class java/lang/ClassFormatError done
Event: 1.573 Executing VM operation: CollectForMetadataAllocation


Dynamic libraries:
0x00007ff789070000 - 0x00007ff78907d000 	C:\Users\MM\.jdks\openjdk-15.0.2\bin\java.exe
0x00007fff6dab0000 - 0x00007fff6dca5000 	C:\WINDOWS\SYSTEM32\ntdll.dll
0x00007fff6c050000 - 0x00007fff6c10d000 	C:\WINDOWS\System32\KERNEL32.DLL
0x00007fff6b590000 - 0x00007fff6b859000 	C:\WINDOWS\System32\KERNELBASE.dll
0x00007fff6b400000 - 0x00007fff6b500000 	C:\WINDOWS\System32\ucrtbase.dll
0x00007fff66d90000 - 0x00007fff66da8000 	C:\Users\MM\.jdks\openjdk-15.0.2\bin\jli.dll
0x00007fff6c990000 - 0x00007fff6cb30000 	C:\WINDOWS\System32\USER32.dll
0x00007fff6b9e0000 - 0x00007fff6ba02000 	C:\WINDOWS\System32\win32u.dll
0x00007fff6da40000 - 0x00007fff6da6a000 	C:\WINDOWS\System32\GDI32.dll
0x00007fff6ba10000 - 0x00007fff6bb1b000 	C:\WINDOWS\System32\gdi32full.dll
0x00007fff6b890000 - 0x00007fff6b92d000 	C:\WINDOWS\System32\msvcp_win.dll
0x00007fff66d70000 - 0x00007fff66d89000 	C:\Users\MM\.jdks\openjdk-15.0.2\bin\VCRUNTIME140.dll
0x00007fff59970000 - 0x00007fff59c0a000 	C:\WINDOWS\WinSxS\amd64_microsoft.windows.common-controls_6595b64144ccf1df_6.0.19041.1110_none_60b5254171f9507e\COMCTL32.dll
0x00007fff6be80000 - 0x00007fff6bf1e000 	C:\WINDOWS\System32\msvcrt.dll
0x00007fff6d730000 - 0x00007fff6d760000 	C:\WINDOWS\System32\IMM32.DLL
0x00007fff68950000 - 0x00007fff6895c000 	C:\Users\MM\.jdks\openjdk-15.0.2\bin\vcruntime140_1.dll
0x00007fff55940000 - 0x00007fff559d1000 	C:\Users\MM\.jdks\openjdk-15.0.2\bin\msvcp140.dll
0x00007fff3b160000 - 0x00007fff3bcbe000 	C:\Users\MM\.jdks\openjdk-15.0.2\bin\server\jvm.dll
0x00007fff6d760000 - 0x00007fff6d80c000 	C:\WINDOWS\System32\ADVAPI32.dll
0x00007fff6cf50000 - 0x00007fff6cfeb000 	C:\WINDOWS\System32\sechost.dll
0x00007fff6bf20000 - 0x00007fff6c04a000 	C:\WINDOWS\System32\RPCRT4.dll
0x00007fff6c680000 - 0x00007fff6c688000 	C:\WINDOWS\System32\PSAPI.DLL
0x00007fff535f0000 - 0x00007fff535f9000 	C:\WINDOWS\SYSTEM32\WSOCK32.dll
0x00007fff6c690000 - 0x00007fff6c6fb000 	C:\WINDOWS\System32\WS2_32.dll
0x00007fff59c20000 - 0x00007fff59c47000 	C:\WINDOWS\SYSTEM32\WINMM.dll
0x00007fff63e40000 - 0x00007fff63e4a000 	C:\WINDOWS\SYSTEM32\VERSION.dll
0x00007fff690e0000 - 0x00007fff690f2000 	C:\WINDOWS\SYSTEM32\kernel.appcore.dll
0x00007fff66d60000 - 0x00007fff66d6a000 	C:\Users\MM\.jdks\openjdk-15.0.2\bin\jimage.dll
0x00007fff57770000 - 0x00007fff57954000 	C:\WINDOWS\SYSTEM32\DBGHELP.DLL
0x00007fff53520000 - 0x00007fff5354c000 	C:\WINDOWS\SYSTEM32\dbgcore.DLL
0x00007fff6b500000 - 0x00007fff6b583000 	C:\WINDOWS\System32\bcryptPrimitives.dll
0x00007fff66ce0000 - 0x00007fff66cee000 	C:\Users\MM\.jdks\openjdk-15.0.2\bin\instrument.dll
0x00007fff66d30000 - 0x00007fff66d55000 	C:\Users\MM\.jdks\openjdk-15.0.2\bin\java.dll
0x00007fff6cff0000 - 0x00007fff6d72f000 	C:\WINDOWS\System32\SHELL32.dll
0x00007fff692e0000 - 0x00007fff69a71000 	C:\WINDOWS\SYSTEM32\windows.storage.dll
0x00007fff6bb20000 - 0x00007fff6be75000 	C:\WINDOWS\System32\combase.dll
0x00007fff6ab80000 - 0x00007fff6abac000 	C:\WINDOWS\SYSTEM32\Wldp.dll
0x00007fff6d990000 - 0x00007fff6da3e000 	C:\WINDOWS\System32\SHCORE.dll
0x00007fff6c130000 - 0x00007fff6c185000 	C:\WINDOWS\System32\shlwapi.dll
0x00007fff6b130000 - 0x00007fff6b14f000 	C:\WINDOWS\SYSTEM32\profapi.dll
0x00007fff66ca0000 - 0x00007fff66cb8000 	C:\Users\MM\.jdks\openjdk-15.0.2\bin\zip.dll
0x00007fff66d10000 - 0x00007fff66d29000 	C:\Users\MM\.jdks\openjdk-15.0.2\bin\net.dll
0x00007fff63aa0000 - 0x00007fff63baa000 	C:\WINDOWS\SYSTEM32\WINHTTP.dll
0x00007fff6a960000 - 0x00007fff6a9ca000 	C:\WINDOWS\system32\mswsock.dll
0x00007fff66cf0000 - 0x00007fff66d02000 	C:\Users\MM\.jdks\openjdk-15.0.2\bin\nio.dll
0x00007fff66c70000 - 0x00007fff66c8a000 	C:\Program Files\JetBrains\IntelliJ IDEA 2020.3.1\bin\breakgen64.dll
0x00007fff6a660000 - 0x00007fff6a72c000 	C:\WINDOWS\SYSTEM32\DNSAPI.dll
0x00007fff6a600000 - 0x00007fff6a63b000 	C:\WINDOWS\SYSTEM32\IPHLPAPI.DLL
0x00007fff6c190000 - 0x00007fff6c198000 	C:\WINDOWS\System32\NSI.dll
0x00007fff63750000 - 0x00007fff6375a000 	C:\Windows\System32\rasadhlp.dll
0x00007fff625f0000 - 0x00007fff6266f000 	C:\WINDOWS\System32\fwpuclnt.dll
0x00007fff6b860000 - 0x00007fff6b887000 	C:\WINDOWS\System32\bcrypt.dll
0x00007fff66c60000 - 0x00007fff66c69000 	C:\Users\MM\.jdks\openjdk-15.0.2\bin\management.dll
0x00007fff65c80000 - 0x00007fff65c8b000 	C:\Users\MM\.jdks\openjdk-15.0.2\bin\management_ext.dll
0x00007fff6abc0000 - 0x00007fff6abd8000 	C:\WINDOWS\SYSTEM32\CRYPTSP.dll
0x00007fff6a2b0000 - 0x00007fff6a2e4000 	C:\WINDOWS\system32\rsaenh.dll
0x00007fff6b0f0000 - 0x00007fff6b11e000 	C:\WINDOWS\SYSTEM32\USERENV.dll
0x00007fff6aae0000 - 0x00007fff6aaec000 	C:\WINDOWS\SYSTEM32\CRYPTBASE.dll
0x00007fff633f0000 - 0x00007fff63407000 	C:\WINDOWS\SYSTEM32\dhcpcsvc6.DLL
0x00007fff633d0000 - 0x00007fff633ed000 	C:\WINDOWS\SYSTEM32\dhcpcsvc.DLL
0x00007fff51cd0000 - 0x00007fff51ce7000 	C:\WINDOWS\system32\napinsp.dll
0x00007fff51cb0000 - 0x00007fff51ccb000 	C:\WINDOWS\system32\pnrpnsp.dll
0x00007fff66080000 - 0x00007fff66095000 	C:\WINDOWS\system32\wshbth.dll
0x00007fff66c40000 - 0x00007fff66c5d000 	C:\WINDOWS\system32\NLAapi.dll
0x00007fff51c90000 - 0x00007fff51ca2000 	C:\WINDOWS\System32\winrnr.dll

dbghelp: loaded successfully - version: 4.0.5 - missing functions: none
symbol engine: initialized successfully - sym options: 0x614 - pdb path: .;C:\Users\MM\.jdks\openjdk-15.0.2\bin;C:\WINDOWS\SYSTEM32;C:\WINDOWS\WinSxS\amd64_microsoft.windows.common-controls_6595b64144ccf1df_6.0.19041.1110_none_60b5254171f9507e;C:\Users\MM\.jdks\openjdk-15.0.2\bin\server;C:\Program Files\JetBrains\IntelliJ IDEA 2020.3.1\bin

VM Arguments:
jvm_args: -XX:TieredStopAtLevel=1 -Xverify:none -Dspring.output.ansi.enabled=always -javaagent:C:\Program Files\JetBrains\IntelliJ IDEA 2020.3.1\lib\idea_rt.jar=65056:C:\Program Files\JetBrains\IntelliJ IDEA 2020.3.1\bin -Dcom.sun.management.jmxremote -Dspring.jmx.enabled=true -Dspring.liveBeansView.mbeanDomain -Dspring.application.admin.enabled=true -Dfile.encoding=UTF-8 
java_command: pl.coderslab.webcrawler.WebcrawlerApplication
java_class_path (initial): C:\coderslab\wecrawler_sb\target\classes;C:\Users\MM\.m2\repository\org\springframework\boot\spring-boot-starter-data-jpa\2.5.3\spring-boot-starter-data-jpa-2.5.3.jar;C:\Users\MM\.m2\repository\org\springframework\boot\spring-boot-starter-aop\2.5.3\spring-boot-starter-aop-2.5.3.jar;C:\Users\MM\.m2\repository\org\springframework\spring-aop\5.3.9\spring-aop-5.3.9.jar;C:\Users\MM\.m2\repository\org\aspectj\aspectjweaver\1.9.7\aspectjweaver-1.9.7.jar;C:\Users\MM\.m2\repository\org\springframework\boot\spring-boot-starter-jdbc\2.5.3\spring-boot-starter-jdbc-2.5.3.jar;C:\Users\MM\.m2\repository\com\zaxxer\HikariCP\4.0.3\HikariCP-4.0.3.jar;C:\Users\MM\.m2\repository\org\springframework\spring-jdbc\5.3.9\spring-jdbc-5.3.9.jar;C:\Users\MM\.m2\repository\jakarta\transaction\jakarta.transaction-api\1.3.3\jakarta.transaction-api-1.3.3.jar;C:\Users\MM\.m2\repository\jakarta\persistence\jakarta.persistence-api\2.2.3\jakarta.persistence-api-2.2.3.jar;C:\Users\MM\.m2\repository\org\hibernate\hibernate-core\5.4.32.Final\hibernate-core-5.4.32.Final.jar;C:\Users\MM\.m2\repository\org\jboss\logging\jboss-logging\3.4.2.Final\jboss-logging-3.4.2.Final.jar;C:\Users\MM\.m2\repository\org\javassist\javassist\3.27.0-GA\javassist-3.27.0-GA.jar;C:\Users\MM\.m2\repository\net\bytebuddy\byte-buddy\1.10.22\byte-buddy-1.10.22.jar;C:\Users\MM\.m2\repository\antlr\antlr\2.7.7\antlr-2.7.7.jar;C:\Users\MM\.m2\repository\org\jboss\jandex\2.2.3.Final\jandex-2.2.3.Final.jar;C:\Users\MM\.m2\repository\com\fasterxml\classmate\1.5.1\classmate-1.5.1.jar;C:\Users\MM\.m2\repository\org\dom4j\dom4j\2.1.3\dom4j-2.1.3.jar;C:\Users\MM\.m2\repository\org\hibernate\common\hibernate-commons-annotations\5.1.2.Final\hibernate-commons-annotations-5.1.2.Final.jar;C:\Users\MM\.m2\repository\org\glassfish\jaxb\jaxb-runtime\2.3.4\jaxb-runtime-2.3.4.jar;C:\Users\MM\.m2\repository\org\glassfish\jaxb\txw2\2.3.4\txw2-2.3.4.jar;C:\Users\MM\.m2\repository\com\sun\istack\istack-commons-runtime\3.0.12\i
Launcher Type: SUN_STANDARD

[Global flags]
     intx CICompilerCount                          = 4                                         {product} {ergonomic}
     uint ConcGCThreads                            = 2                                         {product} {ergonomic}
     uint G1ConcRefinementThreads                  = 8                                         {product} {ergonomic}
   size_t G1HeapRegionSize                         = 2097152                                   {product} {ergonomic}
    uintx GCDrainStackTargetSize                   = 64                                        {product} {ergonomic}
   size_t InitialHeapSize                          = 264241152                                 {product} {ergonomic}
     bool ManagementServer                         = true                                      {product} {command line}
   size_t MarkStackSize                            = 4194304                                   {product} {ergonomic}
   size_t MaxHeapSize                              = 4221566976                                {product} {ergonomic}
   size_t MaxNewSize                               = 2531262464                                {product} {ergonomic}
   size_t MinHeapDeltaBytes                        = 2097152                                   {product} {ergonomic}
   size_t MinHeapSize                              = 8388608                                   {product} {ergonomic}
    uintx NonNMethodCodeHeapSize                   = 7549744                                {pd product} {ergonomic}
    uintx NonProfiledCodeHeapSize                  = 244108496                              {pd product} {ergonomic}
    uintx ProfiledCodeHeapSize                     = 0                                      {pd product} {ergonomic}
    uintx ReservedCodeCacheSize                    = 251658240                              {pd product} {ergonomic}
     bool SegmentedCodeCache                       = true                                      {product} {ergonomic}
   size_t SoftMaxHeapSize                          = 4221566976                             {manageable} {ergonomic}
     intx TieredStopAtLevel                        = 1                                         {product} {command line}
     bool UseCompressedClassPointers               = true                                 {lp64_product} {ergonomic}
     bool UseCompressedOops                        = true                                 {lp64_product} {ergonomic}
     bool UseG1GC                                  = true                                      {product} {ergonomic}
     bool UseLargePagesIndividualAllocation        = false                                  {pd product} {ergonomic}

Logging:
Log output configuration:
 #0: stdout all=warning uptime,level,tags
 #1: stderr all=off uptime,level,tags

Environment Variables:
JAVA_HOME=C:\Program Files\Java\jdk1.8.0_281
PATH=C:\Program Files (x86)\Common Files\Oracle\Java\javapath;C:\WINDOWS\system32;C:\WINDOWS;C:\WINDOWS\System32\Wbem;C:\WINDOWS\System32\WindowsPowerShell\v1.0\;C:\WINDOWS\System32\OpenSSH\;C:\Program Files\nodejs\;C:\Program Files (x86)\Microsoft Emulator Manager\1.0\;C:\Users\MM\AppData\Local\Android\Sdk\platform-tools;C:\Program Files\Git\cmd;C:\Users\MM\apache-maven-3.6.3\bin;C:\Program Files\Java\jdk1.8.0_281\bin;C:\Users\MM\AppData\Local\Microsoft\WindowsApps;C:\Users\MM\AppData\Roaming\npm;C:\src\flutter\bin;C:\Users\MM\AppData\Local\Programs\Microsoft VS Code\bin;C:\Program Files\Java\jdk1.8.0_281\bin;C:\Users\MM\apache-maven-3.6.3\bin;
USERNAME=MM
OS=Windows_NT
PROCESSOR_IDENTIFIER=Intel64 Family 6 Model 142 Stepping 12, GenuineIntel



---------------  S Y S T E M  ---------------

OS:
 Windows 10 , 64 bit Build 19041 (10.0.19041.1023)
OS uptime: 10 days 4:52 hours
HyperV virtualization detected

CPU: total 8 (initial active 8) (4 cores per cpu, 2 threads per core) family 6 model 142 stepping 12 microcode 0xde, cmov, cx8, fxsr, mmx, sse, sse2, sse3, ssse3, sse4.1, sse4.2, popcnt, vzeroupper, avx, avx2, aes, clmul, erms, 3dnowpref, lzcnt, ht, tsc, tscinvbit, bmi1, bmi2, adx, fma, clflush, clflushopt

Memory: 4k page, system-wide physical 16100M (6152M free)
TotalPageFile size 65252M (AvailPageFile size 2M)
current process WorkingSet (physical memory assigned to process): 136M, peak: 136M
current process commit charge ("private bytes"): 374M, peak: 375M

vm_info: OpenJDK 64-Bit Server VM (15.0.2+7-27) for windows-amd64 JRE (15.0.2+7-27), built on Dec  7 2020 20:02:38 by "mach5one" with unknown MS VC++:1925

END.
